<?xml version="1.0" encoding="UTF-8"?>
<testng-results skipped="0" failed="0" ignored="0" total="1" passed="1">
  <reporter-output>
  </reporter-output>
  <suite name="Default suite" duration-ms="26" started-at="2020-05-08T21:25:44Z" finished-at="2020-05-08T21:25:44Z">
    <groups>
    </groups>
    <test name="Default test" duration-ms="26" started-at="2020-05-08T21:25:44Z" finished-at="2020-05-08T21:25:44Z">
      <class name="Dummytestcase.IntegrationJenkins.DummyTestcase">
        <test-method status="PASS" signature="testcase()[pri:0, instance:Dummytestcase.IntegrationJenkins.DummyTestcase@1753acfe]" name="testcase" duration-ms="9" started-at="2020-05-09T02:55:44Z" finished-at="2020-05-09T02:55:44Z">
          <reporter-output>
          </reporter-output>
        </test-method> <!-- testcase -->
      </class> <!-- Dummytestcase.IntegrationJenkins.DummyTestcase -->
    </test> <!-- Default test -->
  </suite> <!-- Default suite -->
</testng-results>
