<?xml version="1.0" encoding="UTF-8"?>
<!-- Generated by org.testng.reporters.JUnitXMLReporter -->
<testsuite hostname="LAPTOP-LPNPORI3" name="Test" tests="5" failures="0" timestamp="1 Oct 2019 09:59:57 GMT" time="182.572" errors="0">
  <testcase name="loginandTrendingClick" time="22.906" classname="org.testing.TestScripts.TC1"/>
  <testcase name="loginandSubscriptionClick" time="14.079" classname="org.testing.TestScripts.TC2"/>
  <testcase name="videoPlayAndLike" time="20.171" classname="org.testing.TestScripts.TC3"/>
  <testcase name="videoPlayAndSubscribe" time="20.178" classname="org.testing.TestScripts.TC4"/>
  <testcase name="loginAndHistoryClick" time="15.816" classname="org.testing.TestScripts.TC5"/>
</testsuite> <!-- Test -->
