<?xml version="1.0" encoding="UTF-8"?>
<testng-results skipped="0" failed="0" total="1" passed="1">
  <reporter-output>
  </reporter-output>
  <suite name="Default suite" duration-ms="78044" started-at="2020-05-31T12:15:59Z" finished-at="2020-05-31T12:17:17Z">
    <groups>
    </groups>
    <test name="Default test" duration-ms="78044" started-at="2020-05-31T12:15:59Z" finished-at="2020-05-31T12:17:17Z">
      <class name="org.testing.testScripts.TC7">
        <test-method status="PASS" signature="browserlaunch()[pri:0, instance:org.testing.testScripts.TC7@2f686d1f]" name="browserlaunch" is-config="true" duration-ms="13592" started-at="2020-05-31T17:45:59Z" finished-at="2020-05-31T17:46:12Z">
          <reporter-output>
          </reporter-output>
        </test-method> <!-- browserlaunch -->
        <test-method status="PASS" signature="videoPlayAndComment()[pri:0, instance:org.testing.testScripts.TC7@2f686d1f]" name="videoPlayAndComment" duration-ms="57092" started-at="2020-05-31T17:46:12Z" finished-at="2020-05-31T17:47:10Z">
          <reporter-output>
          </reporter-output>
        </test-method> <!-- videoPlayAndComment -->
        <test-method status="PASS" signature="close()[pri:0, instance:org.testing.testScripts.TC7@2f686d1f]" name="close" is-config="true" duration-ms="7348" started-at="2020-05-31T17:47:10Z" finished-at="2020-05-31T17:47:17Z">
          <reporter-output>
          </reporter-output>
        </test-method> <!-- close -->
      </class> <!-- org.testing.testScripts.TC7 -->
    </test> <!-- Default test -->
  </suite> <!-- Default suite -->
</testng-results>
