<?xml version="1.0" encoding="UTF-8"?>
<!-- Generated by org.testng.reporters.JUnitXMLReporter -->
<testsuite hostname="LAPTOP-LPNPORI3" ignored="0" name="Test" tests="7" failures="0" timestamp="13 Apr 2020 19:30:16 GMT" time="13.44" errors="0">
  <testcase name="testcase1" time="1.287" classname="org.testing.TestScripts.TC1"/>
  <testcase name="testcase2" time="0.039" classname="org.testing.TestScripts.TC2"/>
  <testcase name="testcase3" time="0.03" classname="org.testing.TestScripts.TC3"/>
  <testcase name="testcase4" time="0.028" classname="org.testing.TestScripts.TC4"/>
  <testcase name="testcase5" time="0.028" classname="org.testing.TestScripts.TC5"/>
  <testcase name="testcase6" time="7.173" classname="org.testing.TestScripts.TC6"/>
  <testcase name="testcase7" time="4.818" classname="org.testing.TestScripts.TC7"/>
</testsuite> <!-- Test -->
