<?xml version="1.0" encoding="UTF-8"?>
<!-- Generated by org.testng.reporters.JUnitXMLReporter -->
<testsuite hostname="LAPTOP-LPNPORI3" name="Command line test 78c047e2-a9a5-4f87-bafe-767a7010f8b3" tests="5" failures="0" timestamp="13 Oct 2019 16:28:56 GMT" time="206.865" errors="0">
  <testcase name="loginandTrendingClick" time="17.169" classname="org.testing.TestScripts.TC1"/>
  <testcase name="loginandSubscriptionClick" time="20.239" classname="org.testing.TestScripts.TC2"/>
  <testcase name="videoPlayAndLike" time="26.768" classname="org.testing.TestScripts.TC3"/>
  <testcase name="videoPlayAndSubscribe" time="26.698" classname="org.testing.TestScripts.TC4"/>
  <testcase name="loginAndHistoryClick" time="17.855" classname="org.testing.TestScripts.TC5"/>
</testsuite> <!-- Command line test 78c047e2-a9a5-4f87-bafe-767a7010f8b3 -->
