<?xml version="1.0" encoding="UTF-8"?>
<!-- Generated by org.testng.reporters.JUnitXMLReporter -->
<testsuite hostname="LAPTOP-LPNPORI3" name="Command line test d17be88f-2253-4f1a-924d-d62c4ff1de33" tests="5" failures="0" timestamp="13 Oct 2019 15:24:36 GMT" time="223.828" errors="0">
  <testcase name="loginandTrendingClick" time="23.168" classname="org.testing.TestScripts.TC1"/>
  <testcase name="loginandSubscriptionClick" time="19.224" classname="org.testing.TestScripts.TC2"/>
  <testcase name="videoPlayAndLike" time="26.921" classname="org.testing.TestScripts.TC3"/>
  <testcase name="videoPlayAndSubscribe" time="23.038" classname="org.testing.TestScripts.TC4"/>
  <testcase name="loginAndHistoryClick" time="17.73" classname="org.testing.TestScripts.TC5"/>
</testsuite> <!-- Command line test d17be88f-2253-4f1a-924d-d62c4ff1de33 -->
