<?xml version="1.0" encoding="UTF-8"?>
<!-- Generated by org.testng.reporters.JUnitXMLReporter -->
<testsuite hostname="LAPTOP-LPNPORI3" name="Command line test f22f802c-d941-463d-b0ea-39e45b0494e2" tests="5" failures="2" timestamp="13 Oct 2019 16:20:48 GMT" time="178.919" errors="0">
  <testcase name="loginandTrendingClick" time="17.345" classname="org.testing.TestScripts.TC1"/>
  <testcase name="loginandSubscriptionClick" time="9.744" classname="org.testing.TestScripts.TC2">
    <failure type="java.lang.IllegalArgumentException" message="Cannot find elements when the id is null.">
      <![CDATA[java.lang.IllegalArgumentException: Cannot find elements when the id is null.
	at org.openqa.selenium.By$ById.<init>(By.java:171)
	at org.openqa.selenium.By.id(By.java:52)
	at org.testing.TestScripts.TC2.loginandSubscriptionClick(TC2.java:25)
	at org.testing.Runner.Runner.main(Runner.java:69)
... Removed 21 stack frames]]>
    </failure>
  </testcase> <!-- loginandSubscriptionClick -->
  <testcase name="videoPlayAndLike" time="22.287" classname="org.testing.TestScripts.TC3"/>
  <testcase name="videoPlayAndSubscribe" time="12.793" classname="org.testing.TestScripts.TC4">
    <failure type="java.lang.IllegalArgumentException" message="Cannot find elements when the id is null.">
      <![CDATA[java.lang.IllegalArgumentException: Cannot find elements when the id is null.
	at org.openqa.selenium.By$ById.<init>(By.java:171)
	at org.openqa.selenium.By.id(By.java:52)
	at org.testing.TestScripts.TC4.videoPlayAndSubscribe(TC4.java:27)
	at org.testing.Runner.Runner.main(Runner.java:69)
... Removed 21 stack frames]]>
    </failure>
  </testcase> <!-- videoPlayAndSubscribe -->
  <testcase name="loginAndHistoryClick" time="17.562" classname="org.testing.TestScripts.TC5"/>
</testsuite> <!-- Command line test f22f802c-d941-463d-b0ea-39e45b0494e2 -->
