<?xml version="1.0" encoding="UTF-8"?>
<!-- Generated by org.testng.reporters.JUnitXMLReporter -->
<testsuite hostname="LAPTOP-LPNPORI3" name="Command line test cc1fbaf0-b4c3-4d69-bc2f-fa610b07b2dd" tests="5" failures="1" timestamp="13 Oct 2019 15:32:47 GMT" time="193.216" errors="0">
  <testcase name="loginandTrendingClick" time="15.275" classname="org.testing.TestScripts.TC1">
    <failure type="junit.framework.AssertionFailedError">
      <![CDATA[junit.framework.AssertionFailedError
	at junit.framework.Assert.fail(Assert.java:55)
	at junit.framework.Assert.assertTrue(Assert.java:22)
	at junit.framework.Assert.assertTrue(Assert.java:31)
	at org.testing.TestScripts.TC1.loginandTrendingClick(TC1.java:33)
	at org.testing.Runner.Runner.main(Runner.java:69)
... Removed 21 stack frames]]>
    </failure>
  </testcase> <!-- loginandTrendingClick -->
  <testcase name="loginandSubscriptionClick" time="16.638" classname="org.testing.TestScripts.TC2"/>
  <testcase name="videoPlayAndLike" time="22.23" classname="org.testing.TestScripts.TC3"/>
  <testcase name="videoPlayAndSubscribe" time="25.036" classname="org.testing.TestScripts.TC4"/>
  <testcase name="loginAndHistoryClick" time="17.425" classname="org.testing.TestScripts.TC5"/>
</testsuite> <!-- Command line test cc1fbaf0-b4c3-4d69-bc2f-fa610b07b2dd -->
