<?xml version="1.0" encoding="UTF-8"?>
<!-- Generated by org.testng.reporters.JUnitXMLReporter -->
<testsuite hostname="LAPTOP-LPNPORI3" name="Command line test ada46d60-c5b9-4507-8314-1976c623cd14" tests="5" failures="5" timestamp="12 Oct 2019 19:15:49 GMT" time="206.744" errors="0">
  <testcase name="loginandTrendingClick" time="18.382" classname="org.testing.TestScripts.TC1">
    <failure type="java.io.FileNotFoundException" message="C:\first.png (Access is denied)">
      <![CDATA[java.io.FileNotFoundException: C:\first.png (Access is denied)
	at java.io.FileOutputStream.open0(Native Method)
	at java.io.FileOutputStream.open(Unknown Source)
	at java.io.FileOutputStream.<init>(Unknown Source)
	at java.io.FileOutputStream.<init>(Unknown Source)
	at org.apache.commons.io.FileUtils.doCopyFile(FileUtils.java:1139)
	at org.apache.commons.io.FileUtils.copyFile(FileUtils.java:1091)
	at org.apache.commons.io.FileUtils.copyFile(FileUtils.java:1038)
	at org.testing.Utilities.Screenshot.take_screenshot(Screenshot.java:15)
	at org.testing.TestScripts.TC1.loginandTrendingClick(TC1.java:45)
	at org.testing.Runner.Runner.main(Runner.java:69)
... Removed 21 stack frames]]>
    </failure>
  </testcase> <!-- loginandTrendingClick -->
  <testcase name="loginandSubscriptionClick" time="18.564" classname="org.testing.TestScripts.TC2">
    <failure type="java.io.FileNotFoundException" message="C:\second.png (Access is denied)">
      <![CDATA[java.io.FileNotFoundException: C:\second.png (Access is denied)
	at java.io.FileOutputStream.open0(Native Method)
	at java.io.FileOutputStream.open(Unknown Source)
	at java.io.FileOutputStream.<init>(Unknown Source)
	at java.io.FileOutputStream.<init>(Unknown Source)
	at org.apache.commons.io.FileUtils.doCopyFile(FileUtils.java:1139)
	at org.apache.commons.io.FileUtils.copyFile(FileUtils.java:1091)
	at org.apache.commons.io.FileUtils.copyFile(FileUtils.java:1038)
	at org.testing.Utilities.Screenshot.take_screenshot(Screenshot.java:15)
	at org.testing.TestScripts.TC2.loginandSubscriptionClick(TC2.java:39)
	at org.testing.Runner.Runner.main(Runner.java:69)
... Removed 21 stack frames]]>
    </failure>
  </testcase> <!-- loginandSubscriptionClick -->
  <testcase name="videoPlayAndLike" time="27.416" classname="org.testing.TestScripts.TC3">
    <failure type="java.io.FileNotFoundException" message="C:\third.png (Access is denied)">
      <![CDATA[java.io.FileNotFoundException: C:\third.png (Access is denied)
	at java.io.FileOutputStream.open0(Native Method)
	at java.io.FileOutputStream.open(Unknown Source)
	at java.io.FileOutputStream.<init>(Unknown Source)
	at java.io.FileOutputStream.<init>(Unknown Source)
	at org.apache.commons.io.FileUtils.doCopyFile(FileUtils.java:1139)
	at org.apache.commons.io.FileUtils.copyFile(FileUtils.java:1091)
	at org.apache.commons.io.FileUtils.copyFile(FileUtils.java:1038)
	at org.testing.Utilities.Screenshot.take_screenshot(Screenshot.java:15)
	at org.testing.TestScripts.TC3.videoPlayAndLike(TC3.java:52)
	at org.testing.Runner.Runner.main(Runner.java:69)
... Removed 21 stack frames]]>
    </failure>
  </testcase> <!-- videoPlayAndLike -->
  <testcase name="videoPlayAndSubscribe" time="24.07" classname="org.testing.TestScripts.TC4">
    <failure type="java.io.FileNotFoundException" message="C:\fourth.png (Access is denied)">
      <![CDATA[java.io.FileNotFoundException: C:\fourth.png (Access is denied)
	at java.io.FileOutputStream.open0(Native Method)
	at java.io.FileOutputStream.open(Unknown Source)
	at java.io.FileOutputStream.<init>(Unknown Source)
	at java.io.FileOutputStream.<init>(Unknown Source)
	at org.apache.commons.io.FileUtils.doCopyFile(FileUtils.java:1139)
	at org.apache.commons.io.FileUtils.copyFile(FileUtils.java:1091)
	at org.apache.commons.io.FileUtils.copyFile(FileUtils.java:1038)
	at org.testing.Utilities.Screenshot.take_screenshot(Screenshot.java:15)
	at org.testing.TestScripts.TC4.videoPlayAndSubscribe(TC4.java:47)
	at org.testing.Runner.Runner.main(Runner.java:69)
... Removed 21 stack frames]]>
    </failure>
  </testcase> <!-- videoPlayAndSubscribe -->
  <testcase name="loginAndHistoryClick" time="16.906" classname="org.testing.TestScripts.TC5">
    <failure type="java.io.FileNotFoundException" message="C:\fifth.png (Access is denied)">
      <![CDATA[java.io.FileNotFoundException: C:\fifth.png (Access is denied)
	at java.io.FileOutputStream.open0(Native Method)
	at java.io.FileOutputStream.open(Unknown Source)
	at java.io.FileOutputStream.<init>(Unknown Source)
	at java.io.FileOutputStream.<init>(Unknown Source)
	at org.apache.commons.io.FileUtils.doCopyFile(FileUtils.java:1139)
	at org.apache.commons.io.FileUtils.copyFile(FileUtils.java:1091)
	at org.apache.commons.io.FileUtils.copyFile(FileUtils.java:1038)
	at org.testing.Utilities.Screenshot.take_screenshot(Screenshot.java:15)
	at org.testing.TestScripts.TC5.loginAndHistoryClick(TC5.java:44)
	at org.testing.Runner.Runner.main(Runner.java:69)
... Removed 21 stack frames]]>
    </failure>
  </testcase> <!-- loginAndHistoryClick -->
</testsuite> <!-- Command line test ada46d60-c5b9-4507-8314-1976c623cd14 -->
