<?xml version="1.0" encoding="UTF-8"?>
<!-- Generated by org.testng.reporters.JUnitXMLReporter -->
<testsuite hostname="LAPTOP-LPNPORI3" name="Command line test 284cccdc-b9d9-49ad-a133-13fbc689b01e" tests="5" failures="0" timestamp="13 Oct 2019 15:39:56 GMT" time="215.32" errors="0">
  <testcase name="loginandTrendingClick" time="22.314" classname="org.testing.TestScripts.TC1"/>
  <testcase name="loginandSubscriptionClick" time="18.953" classname="org.testing.TestScripts.TC2"/>
  <testcase name="videoPlayAndLike" time="27.172" classname="org.testing.TestScripts.TC3"/>
  <testcase name="videoPlayAndSubscribe" time="21.663" classname="org.testing.TestScripts.TC4"/>
  <testcase name="loginAndHistoryClick" time="17.073" classname="org.testing.TestScripts.TC5"/>
</testsuite> <!-- Command line test 284cccdc-b9d9-49ad-a133-13fbc689b01e -->
