<?xml version="1.0" encoding="UTF-8"?>
<testng-results skipped="0" failed="0" total="5" passed="5">
  <reporter-output>
  </reporter-output>
  <suite name="Suite1" duration-ms="206865" started-at="2019-10-13T16:25:28Z" finished-at="2019-10-13T16:28:55Z">
    <groups>
    </groups>
    <test name="Command line test 78c047e2-a9a5-4f87-bafe-767a7010f8b3" duration-ms="206865" started-at="2019-10-13T16:25:28Z" finished-at="2019-10-13T16:28:55Z">
      <class name="org.testing.TestScripts.TC4">
        <test-method status="PASS" signature="browserlaunch()[pri:0, instance:org.testing.TestScripts.TC4@dfd3711]" name="browserlaunch" is-config="true" duration-ms="13645" started-at="2019-10-13T21:57:28Z" finished-at="2019-10-13T21:57:42Z">
          <reporter-output>
          </reporter-output>
        </test-method> <!-- browserlaunch -->
        <test-method status="PASS" signature="videoPlayAndSubscribe()[pri:0, instance:org.testing.TestScripts.TC4@dfd3711]" name="videoPlayAndSubscribe" duration-ms="26698" started-at="2019-10-13T21:57:42Z" finished-at="2019-10-13T21:58:09Z">
          <reporter-output>
          </reporter-output>
        </test-method> <!-- videoPlayAndSubscribe -->
        <test-method status="PASS" signature="close()[pri:0, instance:org.testing.TestScripts.TC4@dfd3711]" name="close" is-config="true" duration-ms="7213" started-at="2019-10-13T21:58:09Z" finished-at="2019-10-13T21:58:16Z">
          <reporter-output>
          </reporter-output>
        </test-method> <!-- close -->
      </class> <!-- org.testing.TestScripts.TC4 -->
      <class name="org.testing.TestScripts.TC3">
        <test-method status="PASS" signature="browserlaunch()[pri:0, instance:org.testing.TestScripts.TC3@38082d64]" name="browserlaunch" is-config="true" duration-ms="11838" started-at="2019-10-13T21:56:43Z" finished-at="2019-10-13T21:56:54Z">
          <reporter-output>
          </reporter-output>
        </test-method> <!-- browserlaunch -->
        <test-method status="PASS" signature="videoPlayAndLike()[pri:0, instance:org.testing.TestScripts.TC3@38082d64]" name="videoPlayAndLike" duration-ms="26768" started-at="2019-10-13T21:56:54Z" finished-at="2019-10-13T21:57:21Z">
          <reporter-output>
          </reporter-output>
        </test-method> <!-- videoPlayAndLike -->
        <test-method status="PASS" signature="close()[pri:0, instance:org.testing.TestScripts.TC3@38082d64]" name="close" is-config="true" duration-ms="7132" started-at="2019-10-13T21:57:21Z" finished-at="2019-10-13T21:57:28Z">
          <reporter-output>
          </reporter-output>
        </test-method> <!-- close -->
      </class> <!-- org.testing.TestScripts.TC3 -->
      <class name="org.testing.TestScripts.TC5">
        <test-method status="PASS" signature="browserlaunch()[pri:0, instance:org.testing.TestScripts.TC5@42d3bd8b]" name="browserlaunch" is-config="true" duration-ms="13834" started-at="2019-10-13T21:58:16Z" finished-at="2019-10-13T21:58:30Z">
          <reporter-output>
          </reporter-output>
        </test-method> <!-- browserlaunch -->
        <test-method status="PASS" signature="loginAndHistoryClick()[pri:0, instance:org.testing.TestScripts.TC5@42d3bd8b]" name="loginAndHistoryClick" duration-ms="17855" started-at="2019-10-13T21:58:30Z" finished-at="2019-10-13T21:58:48Z">
          <reporter-output>
          </reporter-output>
        </test-method> <!-- loginAndHistoryClick -->
        <test-method status="PASS" signature="close()[pri:0, instance:org.testing.TestScripts.TC5@42d3bd8b]" name="close" is-config="true" duration-ms="7196" started-at="2019-10-13T21:58:48Z" finished-at="2019-10-13T21:58:55Z">
          <reporter-output>
          </reporter-output>
        </test-method> <!-- close -->
      </class> <!-- org.testing.TestScripts.TC5 -->
      <class name="org.testing.TestScripts.TC2">
        <test-method status="PASS" signature="browserlaunch()[pri:0, instance:org.testing.TestScripts.TC2@2ed94a8b]" name="browserlaunch" is-config="true" duration-ms="11029" started-at="2019-10-13T21:56:04Z" finished-at="2019-10-13T21:56:15Z">
          <reporter-output>
          </reporter-output>
        </test-method> <!-- browserlaunch -->
        <test-method status="PASS" signature="loginandSubscriptionClick()[pri:0, instance:org.testing.TestScripts.TC2@2ed94a8b]" name="loginandSubscriptionClick" duration-ms="20239" started-at="2019-10-13T21:56:15Z" finished-at="2019-10-13T21:56:35Z">
          <reporter-output>
          </reporter-output>
        </test-method> <!-- loginandSubscriptionClick -->
        <test-method status="PASS" signature="close()[pri:0, instance:org.testing.TestScripts.TC2@2ed94a8b]" name="close" is-config="true" duration-ms="7144" started-at="2019-10-13T21:56:35Z" finished-at="2019-10-13T21:56:43Z">
          <reporter-output>
          </reporter-output>
        </test-method> <!-- close -->
      </class> <!-- org.testing.TestScripts.TC2 -->
      <class name="org.testing.TestScripts.TC1">
        <test-method status="PASS" signature="browserlaunch()[pri:0, instance:org.testing.TestScripts.TC1@6aaa5eb0]" name="browserlaunch" is-config="true" duration-ms="11904" started-at="2019-10-13T21:55:28Z" finished-at="2019-10-13T21:55:40Z">
          <reporter-output>
          </reporter-output>
        </test-method> <!-- browserlaunch -->
        <test-method status="PASS" signature="loginandTrendingClick()[pri:0, instance:org.testing.TestScripts.TC1@6aaa5eb0]" name="loginandTrendingClick" duration-ms="17169" started-at="2019-10-13T21:55:40Z" finished-at="2019-10-13T21:55:57Z">
          <reporter-output>
          </reporter-output>
        </test-method> <!-- loginandTrendingClick -->
        <test-method status="PASS" signature="close()[pri:0, instance:org.testing.TestScripts.TC1@6aaa5eb0]" name="close" is-config="true" duration-ms="7185" started-at="2019-10-13T21:55:57Z" finished-at="2019-10-13T21:56:04Z">
          <reporter-output>
          </reporter-output>
        </test-method> <!-- close -->
      </class> <!-- org.testing.TestScripts.TC1 -->
    </test> <!-- Command line test 78c047e2-a9a5-4f87-bafe-767a7010f8b3 -->
  </suite> <!-- Suite1 -->
</testng-results>
