<?xml version="1.0" encoding="UTF-8"?>
<testng-results skipped="0" failed="0" ignored="0" total="1" passed="1">
  <reporter-output>
  </reporter-output>
  <suite name="Default suite" duration-ms="3196" started-at="2020-05-04T21:21:33Z" finished-at="2020-05-04T21:21:36Z">
    <groups>
    </groups>
    <test name="Default test" duration-ms="3196" started-at="2020-05-04T21:21:33Z" finished-at="2020-05-04T21:21:36Z">
      <class name="org.testing.TestScripts.TC9">
        <test-method status="PASS" signature="testcase9()[pri:0, instance:org.testing.TestScripts.TC9@1753acfe]" name="testcase9" duration-ms="3177" started-at="2020-05-05T02:51:33Z" finished-at="2020-05-05T02:51:36Z">
          <reporter-output>
          </reporter-output>
        </test-method> <!-- testcase9 -->
      </class> <!-- org.testing.TestScripts.TC9 -->
    </test> <!-- Default test -->
  </suite> <!-- Default suite -->
</testng-results>
